{
  "RSpec": {
    "coverage": {
      "/Users/EmilyWorrall/Desktop/Projects/job_hunting/tech_tests/vending_machine_new/spec/vending_machine_spec.rb": [
        1,
        null,
        1,
        1,
        1,
        1,
        null,
        null,
        1,
        1,
        null,
        null
      ],
      "/Users/EmilyWorrall/Desktop/Projects/job_hunting/tech_tests/vending_machine_new/lib/vending_machine.rb": [
        1,
        null,
        1,
        null,
        1,
        2,
        null,
        null,
        1,
        1,
        null,
        null
      ]
    },
    "timestamp": 1454598707
  }
}
