{
  "RSpec": {
    "coverage": {
      "/Users/EmilyWorrall/Desktop/Projects/job_hunting/tech_tests/vending_machine_new/spec/product_spec.rb": [
        1,
        null,
        1,
        null,
        2,
        null,
        1,
        1,
        null,
        null
      ],
      "/Users/EmilyWorrall/Desktop/Projects/job_hunting/tech_tests/vending_machine_new/lib/product.rb": [
        1,
        null,
        1,
        null,
        1,
        1,
        1,
        null,
        null,
        1,
        null,
        1,
        null,
        null
      ],
      "/Users/EmilyWorrall/Desktop/Projects/job_hunting/tech_tests/vending_machine_new/spec/vending_machine_spec.rb": [
        1,
        null,
        1,
        1,
        1,
        null,
        null,
        1,
        1,
        1,
        1,
        null,
        null,
        1,
        1,
        1,
        null,
        null,
        1,
        1,
        1,
        null,
        null,
        1,
        1,
        1,
        1,
        null,
        null,
        null,
        1,
        1,
        1,
        1,
        null,
        null,
        1,
        1,
        1,
        null,
        null,
        null,
        1,
        1,
        1,
        1,
        1,
        null,
        null,
        null,
        null
      ],
      "/Users/EmilyWorrall/Desktop/Projects/job_hunting/tech_tests/vending_machine_new/lib/vending_machine.rb": [
        1,
        null,
        1,
        null,
        1,
        null,
        1,
        8,
        8,
        8,
        null,
        null,
        1,
        9,
        5,
        5,
        null,
        4,
        4,
        null,
        null,
        null
      ]
    },
    "timestamp": 1454604405
  }
}
